ARM GAS  C:\Users\blinky\AppData\Local\Temp/cc8sbaaa.s 			page 1


   1              		.syntax unified
   2              		.cpu cortex-m3
   3              		.fpu softvfp
   4              		.eabi_attribute 20, 1
   5              		.eabi_attribute 21, 1
   6              		.eabi_attribute 23, 3
   7              		.eabi_attribute 24, 1
   8              		.eabi_attribute 25, 1
   9              		.eabi_attribute 26, 1
  10              		.eabi_attribute 30, 6
  11              		.eabi_attribute 18, 4
  12              		.thumb
  13              		.file	"Cm3Start.c"
  14              		.section	.debug_abbrev,"",%progbits
  15              	.Ldebug_abbrev0:
  16              		.section	.debug_info,"",%progbits
  17              	.Ldebug_info0:
  18              		.section	.debug_line,"",%progbits
  19              	.Ldebug_line0:
  20 0000 97000000 		.text
  20      02004700 
  20      00000201 
  20      FB0E0D00 
  20      01010101 
  21              	.Ltext0:
  22              		.section	.text.IntDefaultHandler,"ax",%progbits
  23              		.align	2
  24              		.global	IntDefaultHandler
  25              		.thumb
  26              		.thumb_func
  27              		.type	IntDefaultHandler, %function
  28              	IntDefaultHandler:
  29              	.LFB2:
  30              		.file 1 "./Generated_Source/PSoC5/Cm3Start.c"
   1:./Generated_Source/PSoC5/Cm3Start.c **** /*******************************************************************************
   2:./Generated_Source/PSoC5/Cm3Start.c **** * File Name: Cm3Start.c  
   3:./Generated_Source/PSoC5/Cm3Start.c **** * Version 1.30
   4:./Generated_Source/PSoC5/Cm3Start.c **** *
   5:./Generated_Source/PSoC5/Cm3Start.c **** *  Description:
   6:./Generated_Source/PSoC5/Cm3Start.c **** *  Startp code for the ARM CM3.
   7:./Generated_Source/PSoC5/Cm3Start.c **** *
   8:./Generated_Source/PSoC5/Cm3Start.c **** *
   9:./Generated_Source/PSoC5/Cm3Start.c **** *
  10:./Generated_Source/PSoC5/Cm3Start.c **** *  Note:
  11:./Generated_Source/PSoC5/Cm3Start.c **** *
  12:./Generated_Source/PSoC5/Cm3Start.c **** *   
  13:./Generated_Source/PSoC5/Cm3Start.c **** *
  14:./Generated_Source/PSoC5/Cm3Start.c **** ********************************************************************************
  15:./Generated_Source/PSoC5/Cm3Start.c **** * Copyright 2008-2009, Cypress Semiconductor Corporation.  All rights reserved.
  16:./Generated_Source/PSoC5/Cm3Start.c **** * You may use this file only in accordance with the license, terms, conditions, 
  17:./Generated_Source/PSoC5/Cm3Start.c **** * disclaimers, and limitations in the end user license agreement accompanying 
  18:./Generated_Source/PSoC5/Cm3Start.c **** * the software package with which this file was provided.
  19:./Generated_Source/PSoC5/Cm3Start.c **** ********************************************************************************/
  20:./Generated_Source/PSoC5/Cm3Start.c **** 
  21:./Generated_Source/PSoC5/Cm3Start.c **** #include <CYDEVICE_TRM.H>
  22:./Generated_Source/PSoC5/Cm3Start.c **** #include <CYTYPES.H>
  23:./Generated_Source/PSoC5/Cm3Start.c **** #include <CYFITTER_CFG.H>
ARM GAS  C:\Users\blinky\AppData\Local\Temp/cc8sbaaa.s 			page 2


  24:./Generated_Source/PSoC5/Cm3Start.c **** #include <CYDMAC.H>
  25:./Generated_Source/PSoC5/Cm3Start.c **** #include <CYFITTER.H>
  26:./Generated_Source/PSoC5/Cm3Start.c **** 
  27:./Generated_Source/PSoC5/Cm3Start.c **** 
  28:./Generated_Source/PSoC5/Cm3Start.c **** #define NUM_INTERRUPTS              32
  29:./Generated_Source/PSoC5/Cm3Start.c **** #if !defined(CYINT_VECTORS)
  30:./Generated_Source/PSoC5/Cm3Start.c **** #define CYINT_VECTORS       ((cyisraddress *) CYDEV_NVIC_VECT_OFFSET)
  31:./Generated_Source/PSoC5/Cm3Start.c **** #endif
  32:./Generated_Source/PSoC5/Cm3Start.c **** #define NVIC_APINT                  ((volatile unsigned long *) CYREG_NVIC_APPLN_INTR)
  33:./Generated_Source/PSoC5/Cm3Start.c **** #define NVIC_APINT_PRIGROUP_3_5     0x00000400  // Priority group 3.5 split
  34:./Generated_Source/PSoC5/Cm3Start.c **** #define NVIC_APINT_VECTKEY          0x05FA0000  // This key is required in order to write the NVIC_
  35:./Generated_Source/PSoC5/Cm3Start.c **** 
  36:./Generated_Source/PSoC5/Cm3Start.c **** /* extern functions */
  37:./Generated_Source/PSoC5/Cm3Start.c **** extern void CyBtldr_CheckLaunch(void);
  38:./Generated_Source/PSoC5/Cm3Start.c **** 
  39:./Generated_Source/PSoC5/Cm3Start.c **** /* Local function for the device reset. */
  40:./Generated_Source/PSoC5/Cm3Start.c **** void Reset(void);
  41:./Generated_Source/PSoC5/Cm3Start.c **** 
  42:./Generated_Source/PSoC5/Cm3Start.c **** /*******************************************************************************
  43:./Generated_Source/PSoC5/Cm3Start.c **** * Function Name: IntDefaultHandler
  44:./Generated_Source/PSoC5/Cm3Start.c **** ********************************************************************************
  45:./Generated_Source/PSoC5/Cm3Start.c **** * Summary:
  46:./Generated_Source/PSoC5/Cm3Start.c **** *   This function is called for all interrupts, other than reset, that get
  47:./Generated_Source/PSoC5/Cm3Start.c **** *   called before the system is setup.
  48:./Generated_Source/PSoC5/Cm3Start.c **** *
  49:./Generated_Source/PSoC5/Cm3Start.c **** *
  50:./Generated_Source/PSoC5/Cm3Start.c **** * Parameters:
  51:./Generated_Source/PSoC5/Cm3Start.c **** *   void.
  52:./Generated_Source/PSoC5/Cm3Start.c **** *
  53:./Generated_Source/PSoC5/Cm3Start.c **** *
  54:./Generated_Source/PSoC5/Cm3Start.c **** * Return:
  55:./Generated_Source/PSoC5/Cm3Start.c **** *   void.
  56:./Generated_Source/PSoC5/Cm3Start.c **** *   
  57:./Generated_Source/PSoC5/Cm3Start.c **** *
  58:./Generated_Source/PSoC5/Cm3Start.c **** * Theory:
  59:./Generated_Source/PSoC5/Cm3Start.c **** *   Any value other than zero is acceptable.
  60:./Generated_Source/PSoC5/Cm3Start.c **** *
  61:./Generated_Source/PSoC5/Cm3Start.c **** *
  62:./Generated_Source/PSoC5/Cm3Start.c **** *******************************************************************************/
  63:./Generated_Source/PSoC5/Cm3Start.c **** void IntDefaultHandler(void)
  64:./Generated_Source/PSoC5/Cm3Start.c **** {
  31              	end = 0, frame = 0
  32              		@ frame_needed = 1, uses_anonymous_args = 0
  33              		@ link register save eliminated.
  34              		push	{r7}
  35 0000 80B4     	.LCFI0:
  36              		add	r7, sp, #0
  37 0002 00AF     	.LCFI1:
  38              		@ lr needed for prologue
  39              	.L2:
  40              		.loc 1 70 0
  65:./Generated_Source/PSoC5/Cm3Start.c ****     /* We should never get here. */
  66:./Generated_Source/PSoC5/Cm3Start.c **** 
  67:./Generated_Source/PSoC5/Cm3Start.c ****     /* Go into an infinite loop. */
  68:./Generated_Source/PSoC5/Cm3Start.c ****     while(1)
  69:./Generated_Source/PSoC5/Cm3Start.c ****     {
  70:./Generated_Source/PSoC5/Cm3Start.c ****     }
ARM GAS  C:\Users\blinky\AppData\Local\Temp/cc8sbaaa.s 			page 3


  41              	E2:
  42 0004 FEE7     		.size	IntDefaultHandler, .-IntDefaultHandler
  43              		.section	.text.pvt_CheckBootloader,"ax",%progbits
  44              		.align	2
  45 0006 C046     		.global	pvt_CheckBootloader
  46              		.thumb
  47              		.thumb_func
  48              		.type	pvt_CheckBootloader, %function
  49              	pvt_CheckBootloader:
  50              	.LFB3:
  51              		.loc 1 96 0
  52              		@ args = 0, pretend = 0, frame = 0
  71:./Generated_Source/PSoC5/Cm3Start.c **** }
  72:./Generated_Source/PSoC5/Cm3Start.c **** 
  73:./Generated_Source/PSoC5/Cm3Start.c **** /*******************************************************************************
  74:./Generated_Source/PSoC5/Cm3Start.c **** * Function Name: pvt_CheckBootloader
  75:./Generated_Source/PSoC5/Cm3Start.c **** ********************************************************************************
  76:./Generated_Source/PSoC5/Cm3Start.c **** * Summary:
  77:./Generated_Source/PSoC5/Cm3Start.c **** *   This function is called before configuring a bootloader device. This function
  78:./Generated_Source/PSoC5/Cm3Start.c **** *	may never return, instead jumping control directly to the Bootloader's
  79:./Generated_Source/PSoC5/Cm3Start.c **** *	associated Boot Loadable project in flash.
  80:./Generated_Source/PSoC5/Cm3Start.c **** *
  81:./Generated_Source/PSoC5/Cm3Start.c **** *
  82:./Generated_Source/PSoC5/Cm3Start.c **** * Parameters:
  83:./Generated_Source/PSoC5/Cm3Start.c **** *   void.
  84:./Generated_Source/PSoC5/Cm3Start.c **** *
  85:./Generated_Source/PSoC5/Cm3Start.c **** *
  86:./Generated_Source/PSoC5/Cm3Start.c **** * Return:
  87:./Generated_Source/PSoC5/Cm3Start.c **** *   void.
  88:./Generated_Source/PSoC5/Cm3Start.c **** *   
  89:./Generated_Source/PSoC5/Cm3Start.c **** *
  90:./Generated_Source/PSoC5/Cm3Start.c **** * Theory:
  91:./Generated_Source/PSoC5/Cm3Start.c **** *   May never return.
  92:./Generated_Source/PSoC5/Cm3Start.c **** *
  93:./Generated_Source/PSoC5/Cm3Start.c **** *
  94:./Generated_Source/PSoC5/Cm3Start.c **** *******************************************************************************/
  95:./Generated_Source/PSoC5/Cm3Start.c **** void pvt_CheckBootloader()
  96:./Generated_Source/PSoC5/Cm3Start.c **** {
  53              	ded = 1, uses_anonymous_args = 0
  54              		@ link register save eliminated.
  55              		push	{r7}
  56              	.LCFI2:
  57 0000 80B4     		add	r7, sp, #0
  58              	.LCFI3:
  59 0002 00AF     		@ lr needed for prologue
  60              		.loc 1 105 0
  61              		mov	sp, r7
  97:./Generated_Source/PSoC5/Cm3Start.c **** #if (CYDEV_BOOTLOADER_ENABLE)
  98:./Generated_Source/PSoC5/Cm3Start.c **** 	/* if second MSB of reset status register is high then we are to do a bootload operation
  99:./Generated_Source/PSoC5/Cm3Start.c **** 	 * so we should jump to CONFIGURE
 100:./Generated_Source/PSoC5/Cm3Start.c **** 	 */
 101:./Generated_Source/PSoC5/Cm3Start.c **** 	uint8 *resetSR0 = (uint8*)CYDEV_RESET_SR0;
 102:./Generated_Source/PSoC5/Cm3Start.c **** 	if (((*resetSR0) & 0x40) != 0x40) /* if CYDEV_RESET_SR0 != 0x40 check to see if app should be laun
 103:./Generated_Source/PSoC5/Cm3Start.c **** 		CyBtldr_CheckLaunch();
 104:./Generated_Source/PSoC5/Cm3Start.c **** #endif /* CYDEV_BOOTLOADER_ENABLE */
 105:./Generated_Source/PSoC5/Cm3Start.c **** }
  62              	
ARM GAS  C:\Users\blinky\AppData\Local\Temp/cc8sbaaa.s 			page 4


  63 0004 BD46     		bx	lr
  64 0006 80BC     	.LFE3:
  65 0008 7047     		.size	pvt_CheckBootloader, .-pvt_CheckBootloader
  66              		.global	RomVectors
  67              		.section	.romvectors,"aw",%progbits
  68              		.align	2
  69 000a C046     		.type	RomVectors, %object
  70              		.size	RomVectors, 192
  71              	RomVectors:
  72              		.word	_stack
  73              		.word	Reset
  74 0000 00000000 		.word	IntDefaultHandler
  75 0004 00000000 		.word	IntDefaultHandler
  76 0008 00000000 		.word	IntDefaultHandler
  77 000c 00000000 		.word	IntDefaultHandler
  78 0010 00000000 		.word	IntDefaultHandler
  79 0014 00000000 		.word	0
  80 0018 00000000 		.word	0
  81 001c 00000000 		.word	0
  82 0020 00000000 		.word	0
  83 0024 00000000 		.word	IntDefaultHandler
  84 0028 00000000 		.word	IntDefaultHandler
  85 002c 00000000 		.word	0
  86 0030 00000000 		.word	IntDefaultHandler
  87 0034 00000000 		.word	IntDefaultHandler
  88 0038 00000000 		.word	IntDefaultHandler
  89 003c 00000000 		.word	IntDefaultHandler
  90 0040 00000000 		.word	IntDefaultHandler
  91 0044 00000000 		.word	IntDefaultHandler
  92 0048 00000000 		.word	IntDefaultHandler
  93 004c 00000000 		.word	IntDefaultHandler
  94 0050 00000000 		.word	IntDefaultHandler
  95 0054 00000000 		.word	IntDefaultHandler
  96 0058 00000000 		.word	IntDefaultHandler
  97 005c 00000000 		.word	IntDefaultHandler
  98 0060 00000000 		.word	IntDefaultHandler
  99 0064 00000000 		.word	IntDefaultHandler
 100 0068 00000000 		.word	IntDefaultHandler
 101 006c 00000000 		.word	IntDefaultHandler
 102 0070 00000000 		.word	IntDefaultHandler
 103 0074 00000000 		.word	IntDefaultHandler
 104 0078 00000000 		.word	IntDefaultHandler
 105 007c 00000000 		.word	IntDefaultHandler
 106 0080 00000000 		.word	IntDefaultHandler
 107 0084 00000000 		.word	IntDefaultHandler
 108 0088 00000000 		.word	IntDefaultHandler
 109 008c 00000000 		.word	IntDefaultHandler
 110 0090 00000000 		.word	IntDefaultHandler
 111 0094 00000000 		.word	IntDefaultHandler
 112 0098 00000000 		.word	IntDefaultHandler
 113 009c 00000000 		.word	IntDefaultHandler
 114 00a0 00000000 		.word	IntDefaultHandler
 115 00a4 00000000 		.word	IntDefaultHandler
 116 00a8 00000000 		.word	IntDefaultHandler
 117 00ac 00000000 		.word	IntDefaultHandler
 118 00b0 00000000 		.word	IntDefaultHandler
 119 00b4 00000000 		.word	IntDefaultHandler
ARM GAS  C:\Users\blinky\AppData\Local\Temp/cc8sbaaa.s 			page 5


 120 00b8 00000000 		.section	.text.Reset,"ax",%progbits
 121 00bc 00000000 		.align	2
 122              		.global	Reset
 123              		.thumb
 124              		.thumb_func
 125              		.type	Reset, %function
 126              	Reset:
 127              	.LFB4:
 128              		.loc 1 425 0
 129              		@ args = 0, pretend = 0, frame = 16
 106:./Generated_Source/PSoC5/Cm3Start.c **** 
 107:./Generated_Source/PSoC5/Cm3Start.c **** #if defined(__ARMCC_VERSION)
 108:./Generated_Source/PSoC5/Cm3Start.c **** 
 109:./Generated_Source/PSoC5/Cm3Start.c **** 
 110:./Generated_Source/PSoC5/Cm3Start.c **** /* Application entry point. */
 111:./Generated_Source/PSoC5/Cm3Start.c **** extern void $Super$$main(void);
 112:./Generated_Source/PSoC5/Cm3Start.c **** 
 113:./Generated_Source/PSoC5/Cm3Start.c **** /* Linker-generated Stack Base addresses, Two Region and One Region */
 114:./Generated_Source/PSoC5/Cm3Start.c **** extern unsigned long Image$$ARM_LIB_STACK$$ZI$$Limit;
 115:./Generated_Source/PSoC5/Cm3Start.c **** 
 116:./Generated_Source/PSoC5/Cm3Start.c **** /* RealView C Library initialization. */
 117:./Generated_Source/PSoC5/Cm3Start.c **** extern int __main(void);
 118:./Generated_Source/PSoC5/Cm3Start.c **** 
 119:./Generated_Source/PSoC5/Cm3Start.c **** 
 120:./Generated_Source/PSoC5/Cm3Start.c **** 
 121:./Generated_Source/PSoC5/Cm3Start.c **** //Image$$ARM_LIB_STACK$$Base
 122:./Generated_Source/PSoC5/Cm3Start.c **** //Image$$ARM_LIB_STACK$$ZI$$Limit
 123:./Generated_Source/PSoC5/Cm3Start.c **** //Image$$ARM_LIB_HEAP$$Base
 124:./Generated_Source/PSoC5/Cm3Start.c **** //Image$$ARM_LIB_HEAP$$ZI$$Limit
 125:./Generated_Source/PSoC5/Cm3Start.c **** 
 126:./Generated_Source/PSoC5/Cm3Start.c **** /*******************************************************************************
 127:./Generated_Source/PSoC5/Cm3Start.c **** *
 128:./Generated_Source/PSoC5/Cm3Start.c **** * Default Ram Interrupt Vector table storage area.
 129:./Generated_Source/PSoC5/Cm3Start.c **** *
 130:./Generated_Source/PSoC5/Cm3Start.c **** *******************************************************************************/
 131:./Generated_Source/PSoC5/Cm3Start.c **** #pragma arm section rwdata="ramvectors"
 132:./Generated_Source/PSoC5/Cm3Start.c **** 
 133:./Generated_Source/PSoC5/Cm3Start.c **** __attribute__ ((section(".ramvectors"))) cyisraddress CyRamVectors[NUM_INTERRUPTS];
 134:./Generated_Source/PSoC5/Cm3Start.c **** 
 135:./Generated_Source/PSoC5/Cm3Start.c **** /*******************************************************************************
 136:./Generated_Source/PSoC5/Cm3Start.c **** *
 137:./Generated_Source/PSoC5/Cm3Start.c **** * Default Rom Interrupt Vector table.
 138:./Generated_Source/PSoC5/Cm3Start.c **** *
 139:./Generated_Source/PSoC5/Cm3Start.c **** *******************************************************************************/
 140:./Generated_Source/PSoC5/Cm3Start.c **** //#pragma arm section rodata="RomVectors" 
 141:./Generated_Source/PSoC5/Cm3Start.c **** 
 142:./Generated_Source/PSoC5/Cm3Start.c **** #pragma diag_suppress 1296
 143:./Generated_Source/PSoC5/Cm3Start.c **** __attribute__ ((section(".romvectors")))
 144:./Generated_Source/PSoC5/Cm3Start.c **** void (* RomVectors[])(void) =
 145:./Generated_Source/PSoC5/Cm3Start.c **** {
 146:./Generated_Source/PSoC5/Cm3Start.c ****     (void (*)(void))((unsigned long) &Image$$ARM_LIB_STACK$$ZI$$Limit), /* The initial stack pointe
 147:./Generated_Source/PSoC5/Cm3Start.c ****     Reset,                                                              /* The reset handler       
 148:./Generated_Source/PSoC5/Cm3Start.c ****     IntDefaultHandler,                                                  /* The NMI handler         
 149:./Generated_Source/PSoC5/Cm3Start.c ****     IntDefaultHandler,                                                  /* The hard fault handler  
 150:./Generated_Source/PSoC5/Cm3Start.c ****     IntDefaultHandler,                                                  /* The MPU fault handler   
 151:./Generated_Source/PSoC5/Cm3Start.c ****     IntDefaultHandler,                                                  /* The bus fault handler   
 152:./Generated_Source/PSoC5/Cm3Start.c ****     IntDefaultHandler,                                                  /* The usage fault handler 
ARM GAS  C:\Users\blinky\AppData\Local\Temp/cc8sbaaa.s 			page 6


 153:./Generated_Source/PSoC5/Cm3Start.c ****     0,                                                                  /* Reserved                
 154:./Generated_Source/PSoC5/Cm3Start.c ****     0,                                                                  /* Reserved                
 155:./Generated_Source/PSoC5/Cm3Start.c ****     0,                                                                  /* Reserved                
 156:./Generated_Source/PSoC5/Cm3Start.c ****     0,                                                                  /* Reserved                
 157:./Generated_Source/PSoC5/Cm3Start.c ****     IntDefaultHandler,                                                  /* SVCall handler          
 158:./Generated_Source/PSoC5/Cm3Start.c ****     IntDefaultHandler,                                                  /* Debug monitor handler   
 159:./Generated_Source/PSoC5/Cm3Start.c ****     0,                                                                  /* Reserved                
 160:./Generated_Source/PSoC5/Cm3Start.c ****     IntDefaultHandler,                                                  /* The PendSV handler      
 161:./Generated_Source/PSoC5/Cm3Start.c ****     IntDefaultHandler,                                                  /* The SysTick handler     
 162:./Generated_Source/PSoC5/Cm3Start.c ****     IntDefaultHandler,                                                  /* External Interrupt(0)   
 163:./Generated_Source/PSoC5/Cm3Start.c ****     IntDefaultHandler,                                                  /* External Interrupt(1)   
 164:./Generated_Source/PSoC5/Cm3Start.c ****     IntDefaultHandler,                                                  /* External Interrupt(2)   
 165:./Generated_Source/PSoC5/Cm3Start.c ****     IntDefaultHandler,                                                  /* External Interrupt(3)   
 166:./Generated_Source/PSoC5/Cm3Start.c ****     IntDefaultHandler,                                                  /* External Interrupt(4)   
 167:./Generated_Source/PSoC5/Cm3Start.c ****     IntDefaultHandler,                                                  /* External Interrupt(5)   
 168:./Generated_Source/PSoC5/Cm3Start.c ****     IntDefaultHandler,                                                  /* External Interrupt(6)   
 169:./Generated_Source/PSoC5/Cm3Start.c ****     IntDefaultHandler,                                                  /* External Interrupt(7)   
 170:./Generated_Source/PSoC5/Cm3Start.c ****     IntDefaultHandler,                                                  /* External Interrupt(8)   
 171:./Generated_Source/PSoC5/Cm3Start.c ****     IntDefaultHandler,                                                  /* External Interrupt(9)   
 172:./Generated_Source/PSoC5/Cm3Start.c ****     IntDefaultHandler,                                                  /* External Interrupt(A)   
 173:./Generated_Source/PSoC5/Cm3Start.c ****     IntDefaultHandler,                                                  /* External Interrupt(B)   
 174:./Generated_Source/PSoC5/Cm3Start.c ****     IntDefaultHandler,                                                  /* External Interrupt(C)   
 175:./Generated_Source/PSoC5/Cm3Start.c ****     IntDefaultHandler,                                                  /* External Interrupt(D)   
 176:./Generated_Source/PSoC5/Cm3Start.c ****     IntDefaultHandler,                                                  /* External Interrupt(E)   
 177:./Generated_Source/PSoC5/Cm3Start.c ****     IntDefaultHandler,                                                  /* External Interrupt(F)   
 178:./Generated_Source/PSoC5/Cm3Start.c ****     IntDefaultHandler,                                                  /* External Interrupt(10)  
 179:./Generated_Source/PSoC5/Cm3Start.c ****     IntDefaultHandler,                                                  /* External Interrupt(11)  
 180:./Generated_Source/PSoC5/Cm3Start.c ****     IntDefaultHandler,                                                  /* External Interrupt(12)  
 181:./Generated_Source/PSoC5/Cm3Start.c ****     IntDefaultHandler,                                                  /* External Interrupt(13)  
 182:./Generated_Source/PSoC5/Cm3Start.c ****     IntDefaultHandler,                                                  /* External Interrupt(14)  
 183:./Generated_Source/PSoC5/Cm3Start.c ****     IntDefaultHandler,                                                  /* External Interrupt(15)  
 184:./Generated_Source/PSoC5/Cm3Start.c ****     IntDefaultHandler,                                                  /* External Interrupt(16)  
 185:./Generated_Source/PSoC5/Cm3Start.c ****     IntDefaultHandler,                                                  /* External Interrupt(17)  
 186:./Generated_Source/PSoC5/Cm3Start.c ****     IntDefaultHandler,                                                  /* External Interrupt(18)  
 187:./Generated_Source/PSoC5/Cm3Start.c ****     IntDefaultHandler,                                                  /* External Interrupt(19)  
 188:./Generated_Source/PSoC5/Cm3Start.c ****     IntDefaultHandler,                                                  /* External Interrupt(1A)  
 189:./Generated_Source/PSoC5/Cm3Start.c ****     IntDefaultHandler,                                                  /* External Interrupt(1B)  
 190:./Generated_Source/PSoC5/Cm3Start.c ****     IntDefaultHandler,                                                  /* External Interrupt(1C)  
 191:./Generated_Source/PSoC5/Cm3Start.c ****     IntDefaultHandler,                                                  /* External Interrupt(1D)  
 192:./Generated_Source/PSoC5/Cm3Start.c ****     IntDefaultHandler,                                                  /* External Interrupt(1E)  
 193:./Generated_Source/PSoC5/Cm3Start.c ****     IntDefaultHandler                                                   /* External Interrupt(1F)  
 194:./Generated_Source/PSoC5/Cm3Start.c **** 
 195:./Generated_Source/PSoC5/Cm3Start.c **** };
 196:./Generated_Source/PSoC5/Cm3Start.c **** 
 197:./Generated_Source/PSoC5/Cm3Start.c **** 
 198:./Generated_Source/PSoC5/Cm3Start.c **** /*******************************************************************************
 199:./Generated_Source/PSoC5/Cm3Start.c **** * Function Name: debugEnabled
 200:./Generated_Source/PSoC5/Cm3Start.c **** ********************************************************************************
 201:./Generated_Source/PSoC5/Cm3Start.c **** * Summary:
 202:./Generated_Source/PSoC5/Cm3Start.c **** *   This function is called when the DebugEnable bit has been set to allow the
 203:./Generated_Source/PSoC5/Cm3Start.c **** *   debugger to attach after a minimal amount of code has been executed.
 204:./Generated_Source/PSoC5/Cm3Start.c **** *   
 205:./Generated_Source/PSoC5/Cm3Start.c **** *
 206:./Generated_Source/PSoC5/Cm3Start.c **** *
 207:./Generated_Source/PSoC5/Cm3Start.c **** * Parameters:
 208:./Generated_Source/PSoC5/Cm3Start.c **** *   void.
 209:./Generated_Source/PSoC5/Cm3Start.c **** *
ARM GAS  C:\Users\blinky\AppData\Local\Temp/cc8sbaaa.s 			page 7


 210:./Generated_Source/PSoC5/Cm3Start.c **** *
 211:./Generated_Source/PSoC5/Cm3Start.c **** * Return:
 212:./Generated_Source/PSoC5/Cm3Start.c **** *   void.
 213:./Generated_Source/PSoC5/Cm3Start.c **** *   
 214:./Generated_Source/PSoC5/Cm3Start.c **** *
 215:./Generated_Source/PSoC5/Cm3Start.c **** *******************************************************************************/
 216:./Generated_Source/PSoC5/Cm3Start.c **** void debugEnabled()
 217:./Generated_Source/PSoC5/Cm3Start.c **** {
 218:./Generated_Source/PSoC5/Cm3Start.c ****     /* nop instruction to keep this from being optimized out */
 219:./Generated_Source/PSoC5/Cm3Start.c **** 	CY_NOP;
 220:./Generated_Source/PSoC5/Cm3Start.c **** }
 221:./Generated_Source/PSoC5/Cm3Start.c **** 
 222:./Generated_Source/PSoC5/Cm3Start.c **** 
 223:./Generated_Source/PSoC5/Cm3Start.c **** /*******************************************************************************
 224:./Generated_Source/PSoC5/Cm3Start.c **** * Function Name: Reset
 225:./Generated_Source/PSoC5/Cm3Start.c **** ********************************************************************************
 226:./Generated_Source/PSoC5/Cm3Start.c **** * Summary:
 227:./Generated_Source/PSoC5/Cm3Start.c **** *   This function is called when the PSoC5 begins execution on reset.
 228:./Generated_Source/PSoC5/Cm3Start.c **** *   
 229:./Generated_Source/PSoC5/Cm3Start.c **** *
 230:./Generated_Source/PSoC5/Cm3Start.c **** *
 231:./Generated_Source/PSoC5/Cm3Start.c **** * Parameters:
 232:./Generated_Source/PSoC5/Cm3Start.c **** *   void.
 233:./Generated_Source/PSoC5/Cm3Start.c **** *
 234:./Generated_Source/PSoC5/Cm3Start.c **** *
 235:./Generated_Source/PSoC5/Cm3Start.c **** * Return:
 236:./Generated_Source/PSoC5/Cm3Start.c **** *   void.
 237:./Generated_Source/PSoC5/Cm3Start.c **** *   
 238:./Generated_Source/PSoC5/Cm3Start.c **** *
 239:./Generated_Source/PSoC5/Cm3Start.c **** *******************************************************************************/
 240:./Generated_Source/PSoC5/Cm3Start.c **** void Reset(void)
 241:./Generated_Source/PSoC5/Cm3Start.c **** {
 242:./Generated_Source/PSoC5/Cm3Start.c **** #if (CYDEV_DEBUGGING_ENABLE)
 243:./Generated_Source/PSoC5/Cm3Start.c ****     char value = CY_GET_XTND_REG8(CYDEV_DEBUG_ENABLE_REGISTER) | CYDEV_DEBUG_ENABLE_MASK;
 244:./Generated_Source/PSoC5/Cm3Start.c **** 	CY_SET_XTND_REG8(CYDEV_DEBUG_ENABLE_REGISTER, value);
 245:./Generated_Source/PSoC5/Cm3Start.c ****     debugEnabled();
 246:./Generated_Source/PSoC5/Cm3Start.c **** #endif /* CYDEV_DEBUGGING_ENABLE */
 247:./Generated_Source/PSoC5/Cm3Start.c **** 
 248:./Generated_Source/PSoC5/Cm3Start.c **** #if (CYDEV_BOOTLOADER_ENABLE)
 249:./Generated_Source/PSoC5/Cm3Start.c **** 	pvt_CheckBootloader();
 250:./Generated_Source/PSoC5/Cm3Start.c **** #endif /* CYDEV_BOOTLOADER_ENABLE */
 251:./Generated_Source/PSoC5/Cm3Start.c **** 
 252:./Generated_Source/PSoC5/Cm3Start.c ****     /* Cannot write real C here. May need to generate .s file. */
 253:./Generated_Source/PSoC5/Cm3Start.c **** 
 254:./Generated_Source/PSoC5/Cm3Start.c ****     /* Let RealView setup the libraries. */    
 255:./Generated_Source/PSoC5/Cm3Start.c ****     __main();
 256:./Generated_Source/PSoC5/Cm3Start.c **** }
 257:./Generated_Source/PSoC5/Cm3Start.c **** 
 258:./Generated_Source/PSoC5/Cm3Start.c **** 
 259:./Generated_Source/PSoC5/Cm3Start.c **** /*******************************************************************************
 260:./Generated_Source/PSoC5/Cm3Start.c **** * Function Name: $Sub$$main
 261:./Generated_Source/PSoC5/Cm3Start.c **** ********************************************************************************
 262:./Generated_Source/PSoC5/Cm3Start.c **** * Summary:
 263:./Generated_Source/PSoC5/Cm3Start.c **** *   This function is called imediatly before the users main
 264:./Generated_Source/PSoC5/Cm3Start.c **** *
 265:./Generated_Source/PSoC5/Cm3Start.c **** *
 266:./Generated_Source/PSoC5/Cm3Start.c **** * Parameters:
ARM GAS  C:\Users\blinky\AppData\Local\Temp/cc8sbaaa.s 			page 8


 267:./Generated_Source/PSoC5/Cm3Start.c **** *   void.
 268:./Generated_Source/PSoC5/Cm3Start.c **** *
 269:./Generated_Source/PSoC5/Cm3Start.c **** *
 270:./Generated_Source/PSoC5/Cm3Start.c **** * Return:
 271:./Generated_Source/PSoC5/Cm3Start.c **** *   void.
 272:./Generated_Source/PSoC5/Cm3Start.c **** *   
 273:./Generated_Source/PSoC5/Cm3Start.c **** *
 274:./Generated_Source/PSoC5/Cm3Start.c **** *
 275:./Generated_Source/PSoC5/Cm3Start.c **** *******************************************************************************/
 276:./Generated_Source/PSoC5/Cm3Start.c **** void $Sub$$main(void)
 277:./Generated_Source/PSoC5/Cm3Start.c **** {
 278:./Generated_Source/PSoC5/Cm3Start.c ****     unsigned long index;
 279:./Generated_Source/PSoC5/Cm3Start.c **** 
 280:./Generated_Source/PSoC5/Cm3Start.c ****     /* Setup the M3. */
 281:./Generated_Source/PSoC5/Cm3Start.c **** 
 282:./Generated_Source/PSoC5/Cm3Start.c ****     /* Set Priority group 5. */
 283:./Generated_Source/PSoC5/Cm3Start.c ****     /* Writes to the NVIC_APINT register require the VECTKEY in the upper half */
 284:./Generated_Source/PSoC5/Cm3Start.c ****     *NVIC_APINT = NVIC_APINT_VECTKEY | NVIC_APINT_PRIGROUP_3_5;
 285:./Generated_Source/PSoC5/Cm3Start.c **** 
 286:./Generated_Source/PSoC5/Cm3Start.c **** 
 287:./Generated_Source/PSoC5/Cm3Start.c ****     /* Set Ram interrupt vectors to default functions. */
 288:./Generated_Source/PSoC5/Cm3Start.c ****     for(index = 0; index < NUM_INTERRUPTS; index++)
 289:./Generated_Source/PSoC5/Cm3Start.c ****     {
 290:./Generated_Source/PSoC5/Cm3Start.c ****         CyRamVectors[index] = IntDefaultHandler;
 291:./Generated_Source/PSoC5/Cm3Start.c ****     }
 292:./Generated_Source/PSoC5/Cm3Start.c **** 
 293:./Generated_Source/PSoC5/Cm3Start.c ****     /* Point NVIC at the RAM vector table. */
 294:./Generated_Source/PSoC5/Cm3Start.c ****     *CYINT_VECTORS = (cyisraddress) CyRamVectors;
 295:./Generated_Source/PSoC5/Cm3Start.c **** 
 296:./Generated_Source/PSoC5/Cm3Start.c ****     /* Initialize the configuration registers. */
 297:./Generated_Source/PSoC5/Cm3Start.c ****     cyfitter_cfg();
 298:./Generated_Source/PSoC5/Cm3Start.c **** 
 299:./Generated_Source/PSoC5/Cm3Start.c ****     /* Setup DMA td linked list. */
 300:./Generated_Source/PSoC5/Cm3Start.c ****     CyDmacConfigure();
 301:./Generated_Source/PSoC5/Cm3Start.c **** 
 302:./Generated_Source/PSoC5/Cm3Start.c ****     $Super$$main(); // calls original main()
 303:./Generated_Source/PSoC5/Cm3Start.c **** 
 304:./Generated_Source/PSoC5/Cm3Start.c ****     /* If main returns it is undefined what we should do. */
 305:./Generated_Source/PSoC5/Cm3Start.c ****     for(;;)
 306:./Generated_Source/PSoC5/Cm3Start.c ****     {
 307:./Generated_Source/PSoC5/Cm3Start.c ****     }
 308:./Generated_Source/PSoC5/Cm3Start.c **** }
 309:./Generated_Source/PSoC5/Cm3Start.c **** 
 310:./Generated_Source/PSoC5/Cm3Start.c **** #endif //__ARMCC_VERSION
 311:./Generated_Source/PSoC5/Cm3Start.c **** 
 312:./Generated_Source/PSoC5/Cm3Start.c **** #if defined(__GNUC__)
 313:./Generated_Source/PSoC5/Cm3Start.c **** 
 314:./Generated_Source/PSoC5/Cm3Start.c **** 
 315:./Generated_Source/PSoC5/Cm3Start.c **** 
 316:./Generated_Source/PSoC5/Cm3Start.c **** 
 317:./Generated_Source/PSoC5/Cm3Start.c **** /* Application entry point. */
 318:./Generated_Source/PSoC5/Cm3Start.c **** extern int main(void);
 319:./Generated_Source/PSoC5/Cm3Start.c **** 
 320:./Generated_Source/PSoC5/Cm3Start.c **** 
 321:./Generated_Source/PSoC5/Cm3Start.c **** /*******************************************************************************
 322:./Generated_Source/PSoC5/Cm3Start.c **** *
 323:./Generated_Source/PSoC5/Cm3Start.c **** * Default Ram Interrupt Vector table storage area.
ARM GAS  C:\Users\blinky\AppData\Local\Temp/cc8sbaaa.s 			page 9


 324:./Generated_Source/PSoC5/Cm3Start.c **** *
 325:./Generated_Source/PSoC5/Cm3Start.c **** *******************************************************************************/
 326:./Generated_Source/PSoC5/Cm3Start.c **** __attribute__ ((section(".ramvectors"))) cyisraddress CyRamVectors[NUM_INTERRUPTS];
 327:./Generated_Source/PSoC5/Cm3Start.c **** 
 328:./Generated_Source/PSoC5/Cm3Start.c **** 
 329:./Generated_Source/PSoC5/Cm3Start.c **** /*******************************************************************************
 330:./Generated_Source/PSoC5/Cm3Start.c **** *
 331:./Generated_Source/PSoC5/Cm3Start.c **** * The following are constructs created by the linker, indicating where the
 332:./Generated_Source/PSoC5/Cm3Start.c **** * the "data" and "bss" segments reside in memory.  The initializers for the
 333:./Generated_Source/PSoC5/Cm3Start.c **** * for the "data" segment resides immediately following the "text" segment.
 334:./Generated_Source/PSoC5/Cm3Start.c **** *
 335:./Generated_Source/PSoC5/Cm3Start.c **** *******************************************************************************/
 336:./Generated_Source/PSoC5/Cm3Start.c **** extern unsigned long _etext;
 337:./Generated_Source/PSoC5/Cm3Start.c **** extern unsigned long _data;
 338:./Generated_Source/PSoC5/Cm3Start.c **** extern unsigned long _edata;
 339:./Generated_Source/PSoC5/Cm3Start.c **** extern unsigned long _bss;
 340:./Generated_Source/PSoC5/Cm3Start.c **** extern unsigned long _ebss;
 341:./Generated_Source/PSoC5/Cm3Start.c **** extern unsigned long _heap;
 342:./Generated_Source/PSoC5/Cm3Start.c **** extern unsigned long _stack;
 343:./Generated_Source/PSoC5/Cm3Start.c **** 
 344:./Generated_Source/PSoC5/Cm3Start.c **** 
 345:./Generated_Source/PSoC5/Cm3Start.c **** /*******************************************************************************
 346:./Generated_Source/PSoC5/Cm3Start.c **** *
 347:./Generated_Source/PSoC5/Cm3Start.c **** * Default Rom Interrupt Vector table.
 348:./Generated_Source/PSoC5/Cm3Start.c **** *
 349:./Generated_Source/PSoC5/Cm3Start.c **** *
 350:./Generated_Source/PSoC5/Cm3Start.c **** *
 351:./Generated_Source/PSoC5/Cm3Start.c **** *******************************************************************************/
 352:./Generated_Source/PSoC5/Cm3Start.c **** __attribute__ ((section(".romvectors")))
 353:./Generated_Source/PSoC5/Cm3Start.c **** 
 354:./Generated_Source/PSoC5/Cm3Start.c **** void (* RomVectors[])(void) =
 355:./Generated_Source/PSoC5/Cm3Start.c **** {
 356:./Generated_Source/PSoC5/Cm3Start.c ****     (void (*)(void))((unsigned long) &_stack),  /* The initial stack pointer    */
 357:./Generated_Source/PSoC5/Cm3Start.c ****     Reset,                                      /* The reset handler          0 */
 358:./Generated_Source/PSoC5/Cm3Start.c ****     IntDefaultHandler,                          /* The NMI handler            1 */
 359:./Generated_Source/PSoC5/Cm3Start.c ****     IntDefaultHandler,                          /* The hard fault handler     2 */
 360:./Generated_Source/PSoC5/Cm3Start.c ****     IntDefaultHandler,                          /* The MPU fault handler      3 */
 361:./Generated_Source/PSoC5/Cm3Start.c ****     IntDefaultHandler,                          /* The bus fault handler      4 */
 362:./Generated_Source/PSoC5/Cm3Start.c ****     IntDefaultHandler,                          /* The usage fault handler    5 */
 363:./Generated_Source/PSoC5/Cm3Start.c ****     0,                                          /* Reserved                   6 */
 364:./Generated_Source/PSoC5/Cm3Start.c ****     0,                                          /* Reserved                   7 */
 365:./Generated_Source/PSoC5/Cm3Start.c ****     0,                                          /* Reserved                   8 */
 366:./Generated_Source/PSoC5/Cm3Start.c ****     0,                                          /* Reserved                   9 */
 367:./Generated_Source/PSoC5/Cm3Start.c ****     IntDefaultHandler,                          /* SVCall handler            10 */
 368:./Generated_Source/PSoC5/Cm3Start.c ****     IntDefaultHandler,                          /* Debug monitor handler     11 */
 369:./Generated_Source/PSoC5/Cm3Start.c ****     0,                                          /* Reserved                  12 */
 370:./Generated_Source/PSoC5/Cm3Start.c ****     IntDefaultHandler,                          /* The PendSV handler        13 */
 371:./Generated_Source/PSoC5/Cm3Start.c ****     IntDefaultHandler,                          /* The SysTick handler       14 */
 372:./Generated_Source/PSoC5/Cm3Start.c ****     IntDefaultHandler,                          /* External Interrupt(0)     15 */
 373:./Generated_Source/PSoC5/Cm3Start.c ****     IntDefaultHandler,                          /* External Interrupt(1)     16 */
 374:./Generated_Source/PSoC5/Cm3Start.c ****     IntDefaultHandler,                          /* External Interrupt(2)     17 */
 375:./Generated_Source/PSoC5/Cm3Start.c ****     IntDefaultHandler,                          /* External Interrupt(3)     18 */
 376:./Generated_Source/PSoC5/Cm3Start.c ****     IntDefaultHandler,                          /* External Interrupt(4)     19 */
 377:./Generated_Source/PSoC5/Cm3Start.c ****     IntDefaultHandler,                          /* External Interrupt(5)     20 */
 378:./Generated_Source/PSoC5/Cm3Start.c ****     IntDefaultHandler,                          /* External Interrupt(6)     21 */
 379:./Generated_Source/PSoC5/Cm3Start.c ****     IntDefaultHandler,                          /* External Interrupt(7)     22 */
 380:./Generated_Source/PSoC5/Cm3Start.c ****     IntDefaultHandler,                          /* External Interrupt(8)     23 */
ARM GAS  C:\Users\blinky\AppData\Local\Temp/cc8sbaaa.s 			page 10


 381:./Generated_Source/PSoC5/Cm3Start.c ****     IntDefaultHandler,                          /* External Interrupt(9)     24 */
 382:./Generated_Source/PSoC5/Cm3Start.c ****     IntDefaultHandler,                          /* External Interrupt(A)     25 */
 383:./Generated_Source/PSoC5/Cm3Start.c ****     IntDefaultHandler,                          /* External Interrupt(B)     26 */
 384:./Generated_Source/PSoC5/Cm3Start.c ****     IntDefaultHandler,                          /* External Interrupt(C)     27 */
 385:./Generated_Source/PSoC5/Cm3Start.c ****     IntDefaultHandler,                          /* External Interrupt(D)     28 */
 386:./Generated_Source/PSoC5/Cm3Start.c ****     IntDefaultHandler,                          /* External Interrupt(E)     29 */
 387:./Generated_Source/PSoC5/Cm3Start.c ****     IntDefaultHandler,                          /* External Interrupt(F)     30 */
 388:./Generated_Source/PSoC5/Cm3Start.c ****     IntDefaultHandler,                          /* External Interrupt(10)    31 */
 389:./Generated_Source/PSoC5/Cm3Start.c ****     IntDefaultHandler,                          /* External Interrupt(11)    32 */
 390:./Generated_Source/PSoC5/Cm3Start.c ****     IntDefaultHandler,                          /* External Interrupt(12)    33 */
 391:./Generated_Source/PSoC5/Cm3Start.c ****     IntDefaultHandler,                          /* External Interrupt(13)    34 */
 392:./Generated_Source/PSoC5/Cm3Start.c ****     IntDefaultHandler,                          /* External Interrupt(14)    35 */
 393:./Generated_Source/PSoC5/Cm3Start.c ****     IntDefaultHandler,                          /* External Interrupt(15)    36 */
 394:./Generated_Source/PSoC5/Cm3Start.c ****     IntDefaultHandler,                          /* External Interrupt(16)    37 */
 395:./Generated_Source/PSoC5/Cm3Start.c ****     IntDefaultHandler,                          /* External Interrupt(17)    38 */
 396:./Generated_Source/PSoC5/Cm3Start.c ****     IntDefaultHandler,                          /* External Interrupt(18)    39 */
 397:./Generated_Source/PSoC5/Cm3Start.c ****     IntDefaultHandler,                          /* External Interrupt(19)    40 */
 398:./Generated_Source/PSoC5/Cm3Start.c ****     IntDefaultHandler,                          /* External Interrupt(1A)    41 */
 399:./Generated_Source/PSoC5/Cm3Start.c ****     IntDefaultHandler,                          /* External Interrupt(1B)    42 */
 400:./Generated_Source/PSoC5/Cm3Start.c ****     IntDefaultHandler,                          /* External Interrupt(1C)    43 */
 401:./Generated_Source/PSoC5/Cm3Start.c ****     IntDefaultHandler,                          /* External Interrupt(1D)    44 */
 402:./Generated_Source/PSoC5/Cm3Start.c ****     IntDefaultHandler,                          /* External Interrupt(1E)    45 */
 403:./Generated_Source/PSoC5/Cm3Start.c ****     IntDefaultHandler                           /* External Interrupt(1F)    46 */
 404:./Generated_Source/PSoC5/Cm3Start.c **** };
 405:./Generated_Source/PSoC5/Cm3Start.c **** 
 406:./Generated_Source/PSoC5/Cm3Start.c **** 
 407:./Generated_Source/PSoC5/Cm3Start.c **** /*******************************************************************************
 408:./Generated_Source/PSoC5/Cm3Start.c **** * Function Name: IntDefaultHandler
 409:./Generated_Source/PSoC5/Cm3Start.c **** ********************************************************************************
 410:./Generated_Source/PSoC5/Cm3Start.c **** * Summary:
 411:./Generated_Source/PSoC5/Cm3Start.c **** *   This function is called when the PSoC5 begins execution on reset.
 412:./Generated_Source/PSoC5/Cm3Start.c **** *   
 413:./Generated_Source/PSoC5/Cm3Start.c **** *
 414:./Generated_Source/PSoC5/Cm3Start.c **** *
 415:./Generated_Source/PSoC5/Cm3Start.c **** * Parameters:
 416:./Generated_Source/PSoC5/Cm3Start.c **** *   void.
 417:./Generated_Source/PSoC5/Cm3Start.c **** *
 418:./Generated_Source/PSoC5/Cm3Start.c **** *
 419:./Generated_Source/PSoC5/Cm3Start.c **** * Return:
 420:./Generated_Source/PSoC5/Cm3Start.c **** *   void.
 421:./Generated_Source/PSoC5/Cm3Start.c **** *   
 422:./Generated_Source/PSoC5/Cm3Start.c **** *
 423:./Generated_Source/PSoC5/Cm3Start.c **** *******************************************************************************/
 424:./Generated_Source/PSoC5/Cm3Start.c **** void Reset(void)
 425:./Generated_Source/PSoC5/Cm3Start.c **** {
 130              	
 131              		sub	sp, sp, #16
 132              	.LCFI5:
 133 0000 80B5     		add	r7, sp, #0
 134              	.LCFI6:
 135 0002 84B0     		.loc 1 431 0
 136              		ldr	r3, .L15
 137 0004 00AF     		ldrb	r3, [r3, #0]
 138              		uxtb	r3, r3
 426:./Generated_Source/PSoC5/Cm3Start.c ****     unsigned long * pulSrc;
 427:./Generated_Source/PSoC5/Cm3Start.c ****     unsigned long * pulDest;
 428:./Generated_Source/PSoC5/Cm3Start.c ****     unsigned long index;
ARM GAS  C:\Users\blinky\AppData\Local\Temp/cc8sbaaa.s 			page 11


 429:./Generated_Source/PSoC5/Cm3Start.c **** 
 430:./Generated_Source/PSoC5/Cm3Start.c **** #if (CYDEV_DEBUGGING_ENABLE)
 431:./Generated_Source/PSoC5/Cm3Start.c ****     char value = CY_GET_XTND_REG8(CYDEV_DEBUG_ENABLE_REGISTER) | CYDEV_DEBUG_ENABLE_MASK;
 139              	 r3, #1
 140 0006 224B     		strb	r3, [r7, #15]
 141 0008 1B78     		.loc 1 432 0
 142 000a DBB2     		ldr	r2, .L15
 143 000c 43F00103 		ldrb	r3, [r7, #15]
 144 0010 FB73     		strb	r3, [r2, #0]
 432:./Generated_Source/PSoC5/Cm3Start.c **** 	CY_SET_XTND_REG8(CYDEV_DEBUG_ENABLE_REGISTER, value);
 145              	1 433 0
 146 0012 1F4A     		debugEnabled:
 147 0014 FB7B     	
 148 0016 1370     		.loc 1 443 0
 433:./Generated_Source/PSoC5/Cm3Start.c ****     __asm("debugEnabled:\n");
 149              	umb
 150              		ldr	r3, .L15+4
 151              		str	r3, [r7, #0]
 434:./Generated_Source/PSoC5/Cm3Start.c **** #endif /* CYDEV_DEBUGGING_ENABLE */
 435:./Generated_Source/PSoC5/Cm3Start.c **** 
 436:./Generated_Source/PSoC5/Cm3Start.c **** #if (CYDEV_BOOTLOADER_ENABLE)
 437:./Generated_Source/PSoC5/Cm3Start.c **** 	pvt_CheckBootloader();
 438:./Generated_Source/PSoC5/Cm3Start.c **** #endif /* CYDEV_BOOTLOADER_ENABLE */
 439:./Generated_Source/PSoC5/Cm3Start.c **** 
 440:./Generated_Source/PSoC5/Cm3Start.c ****     /* Setup the M3. */
 441:./Generated_Source/PSoC5/Cm3Start.c **** 
 442:./Generated_Source/PSoC5/Cm3Start.c ****     /* Copy the data segment initializers from flash to SRAM. */
 443:./Generated_Source/PSoC5/Cm3Start.c ****     pulSrc = &_etext;
 152              	oc 1 444 0
 153              		ldr	r3, .L15+8
 154 0018 1E4B     		str	r3, [r7, #4]
 155 001a 3B60     		b	.L7
 444:./Generated_Source/PSoC5/Cm3Start.c ****     for(pulDest = &_data; pulDest < &_edata;)
 156              	
 157 001c 1E4B     		.loc 1 446 0
 158 001e 7B60     		ldr	r3, [r7, #0]
 159 0020 0BE0     		ldr	r2, [r3, #0]
 160              		ldr	r3, [r7, #4]
 445:./Generated_Source/PSoC5/Cm3Start.c ****     {
 446:./Generated_Source/PSoC5/Cm3Start.c ****         *pulDest++ = *pulSrc++;
 161              		r2, [r3, #0]
 162 0022 3B68     		ldr	r3, [r7, #4]
 163 0024 1A68     		add	r3, r3, #4
 164 0026 7B68     		str	r3, [r7, #4]
 165 0028 1A60     		ldr	r3, [r7, #0]
 166 002a 7B68     		add	r3, r3, #4
 167 002c 03F10403 		str	r3, [r7, #0]
 168 0030 7B60     	.L7:
 169 0032 3B68     		.loc 1 444 0
 170 0034 03F10403 		ldr	r2, [r7, #4]
 171 0038 3B60     		ldr	r3, .L15+12
 172              		cmp	r2, r3
 173              		bcc	.L8
 174 003a 7A68     		.loc 1 453 0
 175 003c 174B     		    ldr     r0, =_bss
 176 003e 9A42     	    ldr     r1, =_ebss
 177 0040 EFD3     	    mov     r2, #0
ARM GAS  C:\Users\blinky\AppData\Local\Temp/cc8sbaaa.s 			page 12


 447:./Generated_Source/PSoC5/Cm3Start.c ****     }
 448:./Generated_Source/PSoC5/Cm3Start.c **** 
 449:./Generated_Source/PSoC5/Cm3Start.c ****     /*
 450:./Generated_Source/PSoC5/Cm3Start.c ****     ** Zero fill the bss segment.  This is done with inline assembly since this
 451:./Generated_Source/PSoC5/Cm3Start.c ****     ** will clear the value of pulDest if it is not kept in a register.
 452:./Generated_Source/PSoC5/Cm3Start.c ****     */
 453:./Generated_Source/PSoC5/Cm3Start.c ****     __asm("    ldr     r0, =_bss\n"
 178              	ero_loop:
 179 0042 1C48     	        cmp     r0, r1
 180 0044 1C49     	        it      lt
 181 0046 4FF00002 	        strlt   r2, [r0], #4
 182              	        blt     zero_loop
 183              		.loc 1 465 0
 184 004a 8842     		.thumb
 185 004c B8BF     		ldr	r3, .L15+16
 186 004e 40F8042B 		ldr	r2, .L15+20
 187 0052 FADB     		str	r2, [r3, #0]
 454:./Generated_Source/PSoC5/Cm3Start.c ****           "    ldr     r1, =_ebss\n"
 455:./Generated_Source/PSoC5/Cm3Start.c ****           "    mov     r2, #0\n"
 456:./Generated_Source/PSoC5/Cm3Start.c ****           "    .thumb_func\n"
 457:./Generated_Source/PSoC5/Cm3Start.c ****           "zero_loop:\n"
 458:./Generated_Source/PSoC5/Cm3Start.c ****           "        cmp     r0, r1\n"
 459:./Generated_Source/PSoC5/Cm3Start.c ****           "        it      lt\n"
 460:./Generated_Source/PSoC5/Cm3Start.c ****           "        strlt   r2, [r0], #4\n"
 461:./Generated_Source/PSoC5/Cm3Start.c ****           "        blt     zero_loop");
 462:./Generated_Source/PSoC5/Cm3Start.c **** 
 463:./Generated_Source/PSoC5/Cm3Start.c ****     /* Set Priority group 5. */
 464:./Generated_Source/PSoC5/Cm3Start.c ****     /* Writes to the NVIC_APINT register require the VECTKEY in the upper half */
 465:./Generated_Source/PSoC5/Cm3Start.c ****     *NVIC_APINT = NVIC_APINT_VECTKEY | NVIC_APINT_PRIGROUP_3_5;
 188              	8 0
 189              		mov	r3, #0
 190 0054 124B     		str	r3, [r7, #8]
 191 0056 134A     		b	.L10
 192 0058 1A60     	.L11:
 466:./Generated_Source/PSoC5/Cm3Start.c **** 
 467:./Generated_Source/PSoC5/Cm3Start.c ****     /* Set Ram interrupt vectors to default functions. */
 468:./Generated_Source/PSoC5/Cm3Start.c ****     for(index = 0; index < NUM_INTERRUPTS; index++)
 193              	 1 470 0
 194 005a 4FF00003 		ldr	r1, [r7, #8]
 195 005e BB60     		ldr	r2, .L15+24
 196 0060 08E0     		ldr	r3, .L15+28
 197              		str	r3, [r2, r1, lsl #2]
 469:./Generated_Source/PSoC5/Cm3Start.c ****     {
 470:./Generated_Source/PSoC5/Cm3Start.c ****         CyRamVectors[index] = IntDefaultHandler;
 198              	 1 468 0
 199 0062 B968     		ldr	r3, [r7, #8]
 200 0064 104A     		add	r3, r3, #1
 201 0066 114B     		str	r3, [r7, #8]
 202 0068 42F82130 	.L10:
 203              		ldr	r3, [r7, #8]
 204 006c BB68     		cmp	r3, #31
 205 006e 03F10103 		bls	.L11
 206 0072 BB60     		.loc 1 474 0
 207              		ldr	r2, .L15+32
 208 0074 BB68     		ldr	r3, .L15+24
 209 0076 1F2B     		str	r3, [r2, #0]
 210 0078 F3D9     		.loc 1 477 0
ARM GAS  C:\Users\blinky\AppData\Local\Temp/cc8sbaaa.s 			page 13


 471:./Generated_Source/PSoC5/Cm3Start.c ****     }
 472:./Generated_Source/PSoC5/Cm3Start.c **** 
 473:./Generated_Source/PSoC5/Cm3Start.c ****     /* Point NVIC at the RAM vector table. */
 474:./Generated_Source/PSoC5/Cm3Start.c ****     *CYINT_VECTORS = (cyisraddress) CyRamVectors;
 211              	cfg
 212 007a 0D4A     		.loc 1 480 0
 213 007c 0A4B     		bl	CyDmacConfigure
 214 007e 1360     		.loc 1 483 0
 475:./Generated_Source/PSoC5/Cm3Start.c ****     
 476:./Generated_Source/PSoC5/Cm3Start.c ****     /* Initialize the configuration registers. */
 477:./Generated_Source/PSoC5/Cm3Start.c ****     cyfitter_cfg();
 215              	main
 216 0080 FFF7FEFF 	.L13:
 478:./Generated_Source/PSoC5/Cm3Start.c **** 
 479:./Generated_Source/PSoC5/Cm3Start.c ****     /* Setup DMA td linked list. */
 480:./Generated_Source/PSoC5/Cm3Start.c ****     CyDmacConfigure();
 217              	loc 1 488 0
 218 0084 FFF7FEFF 		b	.L13
 481:./Generated_Source/PSoC5/Cm3Start.c **** 
 482:./Generated_Source/PSoC5/Cm3Start.c ****     /* Call the application's entry point. */
 483:./Generated_Source/PSoC5/Cm3Start.c ****     main();
 219              	16:
 220 0088 FFF7FEFF 		.align	2
 221              	.L15:
 484:./Generated_Source/PSoC5/Cm3Start.c **** 
 485:./Generated_Source/PSoC5/Cm3Start.c ****     /* If main returns it is undefined what we should do. */
 486:./Generated_Source/PSoC5/Cm3Start.c ****     for(;;)
 487:./Generated_Source/PSoC5/Cm3Start.c ****     {
 488:./Generated_Source/PSoC5/Cm3Start.c ****     }
 222              	ord	1073759976
 223 008c FEE7     		.word	_etext
 224              		.word	_data
 225 008e C046     		.word	_edata
 226              		.word	-536810228
 227 0090 E8460040 		.word	100271104
 228 0094 00000000 		.word	CyRamVectors
 229 0098 00000000 		.word	IntDefaultHandler
 230 009c 00000000 		.word	-536810232
 231 00a0 0CED00E0 	.LFE4:
 232 00a4 0004FA05 		.size	Reset, .-Reset
 233 00a8 00000000 		.global	CyRamVectors
 234 00ac 00000000 		.section	.ramvectors,"aw",%progbits
 235 00b0 08ED00E0 		.align	2
 236              		.type	CyRamVectors, %object
 237              		.size	CyRamVectors, 128
 238              	CyRamVectors:
 239              		.space	128
 240              		.section	.debug_frame,"",%progbits
 241              	.Lframe0:
 242              		.4byte	.LECIE0-.LSCIE0
 243              	.LSCIE0:
 244 0000 00000000 		.4byte	0xffffffff
 244      00000000 
 244      00000000 
 244      00000000 
 244      00000000 
 245              		.byte	0x1
ARM GAS  C:\Users\blinky\AppData\Local\Temp/cc8sbaaa.s 			page 14


 246              		.ascii	"\000"
 247 0000 0C000000 		.uleb128 0x1
 248              		.sleb128 -4
 249 0004 FFFFFFFF 		.byte	0xe
 250 0008 01       		.byte	0xc
 251 0009 00       		.uleb128 0xd
 252 000a 01       		.uleb128 0x0
 253 000b 7C       		.align	2
 254 000c 0E       	.LECIE0:
 255 000d 0C       	.LSFDE0:
 256 000e 0D       		.4byte	.LEFDE0-.LASFDE0
 257 000f 00       	.LASFDE0:
 258              		.4byte	.Lframe0
 259              		.4byte	.LFB2
 260              		.4byte	.LFE2-.LFB2
 261 0010 14000000 		.byte	0x4
 262              		.4byte	.LCFI0-.LFB2
 263 0014 00000000 		.byte	0xe
 264 0018 00000000 		.uleb128 0x4
 265 001c 06000000 		.byte	0x87
 266 0020 42       		.uleb128 0x1
 267              		.byte	0x4
 268 0021 0E       		.4byte	.LCFI1-.LCFI0
 269 0022 04       		.byte	0xd
 270 0023 87       		.uleb128 0x7
 271 0024 01       		.align	2
 272 0025 42       	.LEFDE0:
 273              	.LSFDE2:
 274 0026 0D       		.4byte	.LEFDE2-.LASFDE2
 275 0027 07       	.LASFDE2:
 276              		.4byte	.Lframe0
 277              		.4byte	.LFB3
 278              		.4byte	.LFE3-.LFB3
 279 0028 14000000 		.byte	0x4
 280              		.4byte	.LCFI2-.LFB3
 281 002c 00000000 		.byte	0xe
 282 0030 00000000 		.uleb128 0x4
 283 0034 0A000000 		.byte	0x87
 284 0038 42       		.uleb128 0x1
 285              		.byte	0x4
 286 0039 0E       		.4byte	.LCFI3-.LCFI2
 287 003a 04       		.byte	0xd
 288 003b 87       		.uleb128 0x7
 289 003c 01       		.align	2
 290 003d 42       	.LEFDE2:
 291              	.LSFDE4:
 292 003e 0D       		.4byte	.LEFDE4-.LASFDE4
 293 003f 07       	.LASFDE4:
 294              		.4byte	.Lframe0
 295              		.4byte	.LFB4
 296              		.4byte	.LFE4-.LFB4
 297 0040 1C000000 		.byte	0x4
 298              		.4byte	.LCFI4-.LFB4
 299 0044 00000000 		.byte	0xe
 300 0048 00000000 		.uleb128 0x8
 301 004c B4000000 		.byte	0x4
 302 0050 42       		.4byte	.LCFI5-.LCFI4
ARM GAS  C:\Users\blinky\AppData\Local\Temp/cc8sbaaa.s 			page 15


 303              		.byte	0xe
 304 0051 0E       		.uleb128 0x18
 305 0052 08       		.byte	0x8e
 306 0053 42       		.uleb128 0x1
 307              		.byte	0x87
 308 0054 0E       		.uleb128 0x2
 309 0055 18       		.byte	0x4
 310 0056 8E       		.4byte	.LCFI6-.LCFI5
 311 0057 01       		.byte	0xd
 312 0058 87       		.uleb128 0x7
 313 0059 02       		.align	2
 314 005a 42       	.LEFDE4:
 315              		.text
 316 005b 0D       	.Letext0:
 317 005c 07       		.section	.debug_loc,"",%progbits
 318 005d 000000   	.Ldebug_loc0:
 319              	.LLST0:
 320              		.4byte	.LFB2
 321              		.4byte	.LCFI0
 322              		.2byte	0x1
 323              		.byte	0x5d
 324              		.4byte	.LCFI0
 325 0000 00000000 		.4byte	.LCFI1
 326 0004 02000000 		.2byte	0x2
 327 0008 0100     		.byte	0x7d
 328 000a 5D       		.sleb128 4
 329 000b 02000000 		.4byte	.LCFI1
 330 000f 04000000 		.4byte	.LFE2
 331 0013 0200     		.2byte	0x2
 332 0015 7D       		.byte	0x77
 333 0016 04       		.sleb128 4
 334 0017 04000000 		.4byte	0x0
 335 001b 06000000 		.4byte	0x0
 336 001f 0200     	.LLST1:
 337 0021 77       		.4byte	.LFB3
 338 0022 04       		.4byte	.LCFI2
 339 0023 00000000 		.2byte	0x1
 340 0027 00000000 		.byte	0x5d
 341              		.4byte	.LCFI2
 342 002b 00000000 		.4byte	.LCFI3
 343 002f 02000000 		.2byte	0x2
 344 0033 0100     		.byte	0x7d
 345 0035 5D       		.sleb128 4
 346 0036 02000000 		.4byte	.LCFI3
 347 003a 04000000 		.4byte	.LFE3
 348 003e 0200     		.2byte	0x2
 349 0040 7D       		.byte	0x77
 350 0041 04       		.sleb128 4
 351 0042 04000000 		.4byte	0x0
 352 0046 0A000000 		.4byte	0x0
 353 004a 0200     	.LLST2:
 354 004c 77       		.4byte	.LFB4
 355 004d 04       		.4byte	.LCFI4
 356 004e 00000000 		.2byte	0x1
 357 0052 00000000 		.byte	0x5d
 358              		.4byte	.LCFI4
 359 0056 00000000 		.4byte	.LCFI5
ARM GAS  C:\Users\blinky\AppData\Local\Temp/cc8sbaaa.s 			page 16


 360 005a 02000000 		.2byte	0x2
 361 005e 0100     		.byte	0x7d
 362 0060 5D       		.sleb128 8
 363 0061 02000000 		.4byte	.LCFI5
 364 0065 04000000 		.4byte	.LCFI6
 365 0069 0200     		.2byte	0x2
 366 006b 7D       		.byte	0x7d
 367 006c 08       		.sleb128 24
 368 006d 04000000 		.4byte	.LCFI6
 369 0071 06000000 		.4byte	.LFE4
 370 0075 0200     		.2byte	0x2
 371 0077 7D       		.byte	0x77
 372 0078 18       		.sleb128 24
 373 0079 06000000 		.4byte	0x0
 374 007d B4000000 		.4byte	0x0
 375 0081 0200     		.file 2 "./Generated_Source/PSoC5/cytypes.h"
 376 0083 77       		.section	.debug_info
 377 0084 18       		.4byte	0x258
 378 0085 00000000 		.2byte	0x2
 379 0089 00000000 		.4byte	.Ldebug_abbrev0
 380              		.byte	0x4
 381              		.uleb128 0x1
 382 0000 58020000 		.ascii	"GNU C 4.2.1\000"
 383 0004 0200     		.byte	0x1
 384 0006 00000000 		.ascii	"./Generated_Source/PSoC5/Cm3Start.c\000"
 385 000a 04       		.ascii	"C:\\Users\\blinky\\Documents\\PSoC Creator\\CarStai"
 386 000b 01       		.ascii	"ro\\CarStairo.cydsn\000"
 387 000c 474E5520 		.4byte	0x0
 387      4320342E 
 387      322E3100 
 388 0018 01       		.4byte	.Ldebug_line0
 389 0019 2E2F4765 		.uleb128 0x2
 389      6E657261 
 389      7465645F 
 389      536F7572 
 389      63652F50 
 390 003d 433A5C55 		.byte	0x1
 390      73657273 
 390      5C626C69 
 390      6E6B795C 
 390      446F6375 
 391 006b 726F5C43 		.byte	0x8
 391      61725374 
 391      6169726F 
 391      2E637964 
 391      736E00
 392 007e 00000000 		.ascii	"unsigned char\000"
 393 0082 00000000 		.uleb128 0x2
 394 0086 02       		.byte	0x2
 395 0087 01       		.byte	0x7
 396 0088 08       		.ascii	"short unsigned int\000"
 397 0089 756E7369 		.uleb128 0x2
 397      676E6564 
 397      20636861 
 397      7200
 398 0097 02       		.byte	0x4
 399 0098 02       		.byte	0x7
ARM GAS  C:\Users\blinky\AppData\Local\Temp/cc8sbaaa.s 			page 17


 400 0099 07       		.ascii	"long unsigned int\000"
 401 009a 73686F72 		.uleb128 0x2
 401      7420756E 
 401      7369676E 
 401      65642069 
 401      6E7400
 402 00ad 02       		.byte	0x1
 403 00ae 04       		.byte	0x6
 404 00af 07       		.ascii	"signed char\000"
 405 00b0 6C6F6E67 		.uleb128 0x2
 405      20756E73 
 405      69676E65 
 405      6420696E 
 405      7400
 406 00c2 02       		.byte	0x2
 407 00c3 01       		.byte	0x5
 408 00c4 06       		.ascii	"short int\000"
 409 00c5 7369676E 		.uleb128 0x2
 409      65642063 
 409      68617200 
 410 00d1 02       		.byte	0x4
 411 00d2 02       		.byte	0x5
 412 00d3 05       		.ascii	"long int\000"
 413 00d4 73686F72 		.uleb128 0x3
 413      7420696E 
 413      7400
 414 00de 02       		.ascii	"cyisraddress\000"
 415 00df 04       		.byte	0x2
 416 00e0 05       		.byte	0x2f
 417 00e1 6C6F6E67 		.4byte	0xfe
 417      20696E74 
 417      00
 418 00ea 03       		.uleb128 0x4
 419 00eb 63796973 		.byte	0x4
 419      72616464 
 419      72657373 
 419      00
 420 00f8 02       		.4byte	0x104
 421 00f9 2F       		.uleb128 0x5
 422 00fa FE000000 		.byte	0x1
 423 00fe 04       		.uleb128 0x6
 424 00ff 04       		.byte	0x4
 425 0100 04010000 		.byte	0x7
 426 0104 05       		.uleb128 0x7
 427 0105 01       		.byte	0x1
 428 0106 06       		.ascii	"IntDefaultHandler\000"
 429 0107 04       		.byte	0x1
 430 0108 07       		.byte	0x40
 431 0109 07       		.byte	0x1
 432 010a 01       		.4byte	.LFB2
 433 010b 496E7444 		.4byte	.LFE2
 433      65666175 
 433      6C744861 
 433      6E646C65 
 433      7200
 434 011d 01       		.4byte	.LLST0
 435 011e 40       		.uleb128 0x8
ARM GAS  C:\Users\blinky\AppData\Local\Temp/cc8sbaaa.s 			page 18


 436 011f 01       		.byte	0x1
 437 0120 00000000 		.ascii	"pvt_CheckBootloader\000"
 438 0124 06000000 		.byte	0x1
 439 0128 00000000 		.byte	0x60
 440 012c 08       		.4byte	.LFB3
 441 012d 01       		.4byte	.LFE3
 442 012e 7076745F 		.4byte	.LLST1
 442      43686563 
 442      6B426F6F 
 442      746C6F61 
 442      64657200 
 443 0142 01       		.uleb128 0x9
 444 0143 60       		.byte	0x1
 445 0144 00000000 		.ascii	"Reset\000"
 446 0148 0A000000 		.byte	0x1
 447 014c 2B000000 		.2byte	0x1a9
 448 0150 09       		.byte	0x1
 449 0151 01       		.4byte	.LFB4
 450 0152 52657365 		.4byte	.LFE4
 450      7400
 451 0158 01       		.4byte	.LLST2
 452 0159 A901     		.4byte	0x1b4
 453 015b 01       		.uleb128 0xa
 454 015c 00000000 		.ascii	"pulSrc\000"
 455 0160 B4000000 		.byte	0x1
 456 0164 56000000 		.2byte	0x1aa
 457 0168 B4010000 		.4byte	0x1b4
 458 016c 0A       		.byte	0x2
 459 016d 70756C53 		.byte	0x91
 459      726300
 460 0174 01       		.sleb128 -24
 461 0175 AA01     		.uleb128 0xa
 462 0177 B4010000 		.ascii	"pulDest\000"
 463 017b 02       		.byte	0x1
 464 017c 91       		.2byte	0x1ab
 465 017d 68       		.4byte	0x1b4
 466 017e 0A       		.byte	0x2
 467 017f 70756C44 		.byte	0x91
 467      65737400 
 468 0187 01       		.sleb128 -20
 469 0188 AB01     		.uleb128 0xa
 470 018a B4010000 		.ascii	"index\000"
 471 018e 02       		.byte	0x1
 472 018f 91       		.2byte	0x1ac
 473 0190 6C       		.4byte	0xad
 474 0191 0A       		.byte	0x2
 475 0192 696E6465 		.byte	0x91
 475      7800
 476 0198 01       		.sleb128 -16
 477 0199 AC01     		.uleb128 0xa
 478 019b AD000000 		.ascii	"value\000"
 479 019f 02       		.byte	0x1
 480 01a0 91       		.2byte	0x1af
 481 01a1 70       		.4byte	0x1ba
 482 01a2 0A       		.byte	0x2
 483 01a3 76616C75 		.byte	0x91
 483      6500
ARM GAS  C:\Users\blinky\AppData\Local\Temp/cc8sbaaa.s 			page 19


 484 01a9 01       		.sleb128 -9
 485 01aa AF01     		.byte	0x0
 486 01ac BA010000 		.uleb128 0x4
 487 01b0 02       		.byte	0x4
 488 01b1 91       		.4byte	0xad
 489 01b2 77       		.uleb128 0x2
 490 01b3 00       		.byte	0x1
 491 01b4 04       		.byte	0x8
 492 01b5 04       		.ascii	"char\000"
 493 01b6 AD000000 		.uleb128 0xb
 494 01ba 02       		.4byte	0xea
 495 01bb 01       		.4byte	0x1d2
 496 01bc 08       		.uleb128 0xc
 497 01bd 63686172 		.4byte	0x106
 497      00
 498 01c2 0B       		.byte	0x1f
 499 01c3 EA000000 		.byte	0x0
 500 01c7 D2010000 		.uleb128 0xd
 501 01cb 0C       		.ascii	"CyRamVectors\000"
 502 01cc 06010000 		.byte	0x1
 503 01d0 1F       		.2byte	0x146
 504 01d1 00       		.4byte	0x1c2
 505 01d2 0D       		.byte	0x1
 506 01d3 43795261 		.byte	0x5
 506      6D566563 
 506      746F7273 
 506      00
 507 01e0 01       		.byte	0x3
 508 01e1 4601     		.4byte	CyRamVectors
 509 01e3 C2010000 		.uleb128 0xe
 510 01e7 01       		.ascii	"_etext\000"
 511 01e8 05       		.byte	0x1
 512 01e9 03       		.2byte	0x150
 513 01ea 00000000 		.4byte	0xad
 514 01ee 0E       		.byte	0x1
 515 01ef 5F657465 		.byte	0x1
 515      787400
 516 01f6 01       		.uleb128 0xe
 517 01f7 5001     		.ascii	"_data\000"
 518 01f9 AD000000 		.byte	0x1
 519 01fd 01       		.2byte	0x151
 520 01fe 01       		.4byte	0xad
 521 01ff 0E       		.byte	0x1
 522 0200 5F646174 		.byte	0x1
 522      6100
 523 0206 01       		.uleb128 0xe
 524 0207 5101     		.ascii	"_edata\000"
 525 0209 AD000000 		.byte	0x1
 526 020d 01       		.2byte	0x152
 527 020e 01       		.4byte	0xad
 528 020f 0E       		.byte	0x1
 529 0210 5F656461 		.byte	0x1
 529      746100
 530 0217 01       		.uleb128 0xe
 531 0218 5201     		.ascii	"_stack\000"
 532 021a AD000000 		.byte	0x1
 533 021e 01       		.2byte	0x156
ARM GAS  C:\Users\blinky\AppData\Local\Temp/cc8sbaaa.s 			page 20


 534 021f 01       		.4byte	0xad
 535 0220 0E       		.byte	0x1
 536 0221 5F737461 		.byte	0x1
 536      636B00
 537 0228 01       		.uleb128 0xb
 538 0229 5601     		.4byte	0xfe
 539 022b AD000000 		.4byte	0x241
 540 022f 01       		.uleb128 0xc
 541 0230 01       		.4byte	0x106
 542 0231 0B       		.byte	0x2f
 543 0232 FE000000 		.byte	0x0
 544 0236 41020000 		.uleb128 0xd
 545 023a 0C       		.ascii	"RomVectors\000"
 546 023b 06010000 		.byte	0x1
 547 023f 2F       		.2byte	0x162
 548 0240 00       		.4byte	0x231
 549 0241 0D       		.byte	0x1
 550 0242 526F6D56 		.byte	0x5
 550      6563746F 
 550      727300
 551 024d 01       		.byte	0x3
 552 024e 6201     		.4byte	RomVectors
 553 0250 31020000 		.byte	0x0
 554 0254 01       		.section	.debug_abbrev
 555 0255 05       		.uleb128 0x1
 556 0256 03       		.uleb128 0x11
 557 0257 00000000 		.byte	0x1
 558 025b 00       		.uleb128 0x25
 559              		.uleb128 0x8
 560 0000 01       		.uleb128 0x13
 561 0001 11       		.uleb128 0xb
 562 0002 01       		.uleb128 0x3
 563 0003 25       		.uleb128 0x8
 564 0004 08       		.uleb128 0x1b
 565 0005 13       		.uleb128 0x8
 566 0006 0B       		.uleb128 0x52
 567 0007 03       		.uleb128 0x1
 568 0008 08       		.uleb128 0x10
 569 0009 1B       		.uleb128 0x6
 570 000a 08       		.byte	0x0
 571 000b 52       		.byte	0x0
 572 000c 01       		.uleb128 0x2
 573 000d 10       		.uleb128 0x24
 574 000e 06       		.byte	0x0
 575 000f 00       		.uleb128 0xb
 576 0010 00       		.uleb128 0xb
 577 0011 02       		.uleb128 0x3e
 578 0012 24       		.uleb128 0xb
 579 0013 00       		.uleb128 0x3
 580 0014 0B       		.uleb128 0x8
 581 0015 0B       		.byte	0x0
 582 0016 3E       		.byte	0x0
 583 0017 0B       		.uleb128 0x3
 584 0018 03       		.uleb128 0x16
 585 0019 08       		.byte	0x0
 586 001a 00       		.uleb128 0x3
 587 001b 00       		.uleb128 0x8
ARM GAS  C:\Users\blinky\AppData\Local\Temp/cc8sbaaa.s 			page 21


 588 001c 03       		.uleb128 0x3a
 589 001d 16       		.uleb128 0xb
 590 001e 00       		.uleb128 0x3b
 591 001f 03       		.uleb128 0xb
 592 0020 08       		.uleb128 0x49
 593 0021 3A       		.uleb128 0x13
 594 0022 0B       		.byte	0x0
 595 0023 3B       		.byte	0x0
 596 0024 0B       		.uleb128 0x4
 597 0025 49       		.uleb128 0xf
 598 0026 13       		.byte	0x0
 599 0027 00       		.uleb128 0xb
 600 0028 00       		.uleb128 0xb
 601 0029 04       		.uleb128 0x49
 602 002a 0F       		.uleb128 0x13
 603 002b 00       		.byte	0x0
 604 002c 0B       		.byte	0x0
 605 002d 0B       		.uleb128 0x5
 606 002e 49       		.uleb128 0x15
 607 002f 13       		.byte	0x0
 608 0030 00       		.uleb128 0x27
 609 0031 00       		.uleb128 0xc
 610 0032 05       		.byte	0x0
 611 0033 15       		.byte	0x0
 612 0034 00       		.uleb128 0x6
 613 0035 27       		.uleb128 0x24
 614 0036 0C       		.byte	0x0
 615 0037 00       		.uleb128 0xb
 616 0038 00       		.uleb128 0xb
 617 0039 06       		.uleb128 0x3e
 618 003a 24       		.uleb128 0xb
 619 003b 00       		.byte	0x0
 620 003c 0B       		.byte	0x0
 621 003d 0B       		.uleb128 0x7
 622 003e 3E       		.uleb128 0x2e
 623 003f 0B       		.byte	0x0
 624 0040 00       		.uleb128 0x3f
 625 0041 00       		.uleb128 0xc
 626 0042 07       		.uleb128 0x3
 627 0043 2E       		.uleb128 0x8
 628 0044 00       		.uleb128 0x3a
 629 0045 3F       		.uleb128 0xb
 630 0046 0C       		.uleb128 0x3b
 631 0047 03       		.uleb128 0xb
 632 0048 08       		.uleb128 0x27
 633 0049 3A       		.uleb128 0xc
 634 004a 0B       		.uleb128 0x11
 635 004b 3B       		.uleb128 0x1
 636 004c 0B       		.uleb128 0x12
 637 004d 27       		.uleb128 0x1
 638 004e 0C       		.uleb128 0x40
 639 004f 11       		.uleb128 0x6
 640 0050 01       		.byte	0x0
 641 0051 12       		.byte	0x0
 642 0052 01       		.uleb128 0x8
 643 0053 40       		.uleb128 0x2e
 644 0054 06       		.byte	0x0
ARM GAS  C:\Users\blinky\AppData\Local\Temp/cc8sbaaa.s 			page 22


 645 0055 00       		.uleb128 0x3f
 646 0056 00       		.uleb128 0xc
 647 0057 08       		.uleb128 0x3
 648 0058 2E       		.uleb128 0x8
 649 0059 00       		.uleb128 0x3a
 650 005a 3F       		.uleb128 0xb
 651 005b 0C       		.uleb128 0x3b
 652 005c 03       		.uleb128 0xb
 653 005d 08       		.uleb128 0x11
 654 005e 3A       		.uleb128 0x1
 655 005f 0B       		.uleb128 0x12
 656 0060 3B       		.uleb128 0x1
 657 0061 0B       		.uleb128 0x40
 658 0062 11       		.uleb128 0x6
 659 0063 01       		.byte	0x0
 660 0064 12       		.byte	0x0
 661 0065 01       		.uleb128 0x9
 662 0066 40       		.uleb128 0x2e
 663 0067 06       		.byte	0x1
 664 0068 00       		.uleb128 0x3f
 665 0069 00       		.uleb128 0xc
 666 006a 09       		.uleb128 0x3
 667 006b 2E       		.uleb128 0x8
 668 006c 01       		.uleb128 0x3a
 669 006d 3F       		.uleb128 0xb
 670 006e 0C       		.uleb128 0x3b
 671 006f 03       		.uleb128 0x5
 672 0070 08       		.uleb128 0x27
 673 0071 3A       		.uleb128 0xc
 674 0072 0B       		.uleb128 0x11
 675 0073 3B       		.uleb128 0x1
 676 0074 05       		.uleb128 0x12
 677 0075 27       		.uleb128 0x1
 678 0076 0C       		.uleb128 0x40
 679 0077 11       		.uleb128 0x6
 680 0078 01       		.uleb128 0x1
 681 0079 12       		.uleb128 0x13
 682 007a 01       		.byte	0x0
 683 007b 40       		.byte	0x0
 684 007c 06       		.uleb128 0xa
 685 007d 01       		.uleb128 0x34
 686 007e 13       		.byte	0x0
 687 007f 00       		.uleb128 0x3
 688 0080 00       		.uleb128 0x8
 689 0081 0A       		.uleb128 0x3a
 690 0082 34       		.uleb128 0xb
 691 0083 00       		.uleb128 0x3b
 692 0084 03       		.uleb128 0x5
 693 0085 08       		.uleb128 0x49
 694 0086 3A       		.uleb128 0x13
 695 0087 0B       		.uleb128 0x2
 696 0088 3B       		.uleb128 0xa
 697 0089 05       		.byte	0x0
 698 008a 49       		.byte	0x0
 699 008b 13       		.uleb128 0xb
 700 008c 02       		.uleb128 0x1
 701 008d 0A       		.byte	0x1
ARM GAS  C:\Users\blinky\AppData\Local\Temp/cc8sbaaa.s 			page 23


 702 008e 00       		.uleb128 0x49
 703 008f 00       		.uleb128 0x13
 704 0090 0B       		.uleb128 0x1
 705 0091 01       		.uleb128 0x13
 706 0092 01       		.byte	0x0
 707 0093 49       		.byte	0x0
 708 0094 13       		.uleb128 0xc
 709 0095 01       		.uleb128 0x21
 710 0096 13       		.byte	0x0
 711 0097 00       		.uleb128 0x49
 712 0098 00       		.uleb128 0x13
 713 0099 0C       		.uleb128 0x2f
 714 009a 21       		.uleb128 0xb
 715 009b 00       		.byte	0x0
 716 009c 49       		.byte	0x0
 717 009d 13       		.uleb128 0xd
 718 009e 2F       		.uleb128 0x34
 719 009f 0B       		.byte	0x0
 720 00a0 00       		.uleb128 0x3
 721 00a1 00       		.uleb128 0x8
 722 00a2 0D       		.uleb128 0x3a
 723 00a3 34       		.uleb128 0xb
 724 00a4 00       		.uleb128 0x3b
 725 00a5 03       		.uleb128 0x5
 726 00a6 08       		.uleb128 0x49
 727 00a7 3A       		.uleb128 0x13
 728 00a8 0B       		.uleb128 0x3f
 729 00a9 3B       		.uleb128 0xc
 730 00aa 05       		.uleb128 0x2
 731 00ab 49       		.uleb128 0xa
 732 00ac 13       		.byte	0x0
 733 00ad 3F       		.byte	0x0
 734 00ae 0C       		.uleb128 0xe
 735 00af 02       		.uleb128 0x34
 736 00b0 0A       		.byte	0x0
 737 00b1 00       		.uleb128 0x3
 738 00b2 00       		.uleb128 0x8
 739 00b3 0E       		.uleb128 0x3a
 740 00b4 34       		.uleb128 0xb
 741 00b5 00       		.uleb128 0x3b
 742 00b6 03       		.uleb128 0x5
 743 00b7 08       		.uleb128 0x49
 744 00b8 3A       		.uleb128 0x13
 745 00b9 0B       		.uleb128 0x3f
 746 00ba 3B       		.uleb128 0xc
 747 00bb 05       		.uleb128 0x3c
 748 00bc 49       		.uleb128 0xc
 749 00bd 13       		.byte	0x0
 750 00be 3F       		.byte	0x0
 751 00bf 0C       		.byte	0x0
 752 00c0 3C       		.section	.debug_pubnames,"",%progbits
 753 00c1 0C       		.4byte	0x66
 754 00c2 00       		.2byte	0x2
 755 00c3 00       		.4byte	.Ldebug_info0
 756 00c4 00       		.4byte	0x25c
 757              		.4byte	0x109
 758 0000 66000000 		.ascii	"IntDefaultHandler\000"
ARM GAS  C:\Users\blinky\AppData\Local\Temp/cc8sbaaa.s 			page 24


 759 0004 0200     		.4byte	0x12c
 760 0006 00000000 		.ascii	"pvt_CheckBootloader\000"
 761 000a 5C020000 		.4byte	0x150
 762 000e 09010000 		.ascii	"Reset\000"
 763 0012 496E7444 		.4byte	0x1d2
 763      65666175 
 763      6C744861 
 763      6E646C65 
 763      7200
 764 0024 2C010000 		.ascii	"CyRamVectors\000"
 765 0028 7076745F 		.4byte	0x241
 765      43686563 
 765      6B426F6F 
 765      746C6F61 
 765      64657200 
 766 003c 50010000 		.ascii	"RomVectors\000"
 767 0040 52657365 		.4byte	0x0
 767      7400
 768 0046 D2010000 		.section	.debug_aranges,"",%progbits
 769 004a 43795261 		.4byte	0x2c
 769      6D566563 
 769      746F7273 
 769      00
 770 0057 41020000 		.2byte	0x2
 771 005b 526F6D56 		.4byte	.Ldebug_info0
 771      6563746F 
 771      727300
 772 0066 00000000 		.byte	0x4
 773              		.byte	0x0
 774 0000 2C000000 		.2byte	0x0
 775 0004 0200     		.2byte	0x0
 776 0006 00000000 		.4byte	.LFB2
 777 000a 04       		.4byte	.LFE2-.LFB2
 778 000b 00       		.4byte	.LFB3
 779 000c 0000     		.4byte	.LFE3-.LFB3
 780 000e 0000     		.4byte	.LFB4
 781 0010 00000000 		.4byte	.LFE4-.LFB4
 782 0014 06000000 		.4byte	0x0
 783 0018 00000000 		.4byte	0x0
 784 001c 0A000000 		.ident	"GCC: (CodeSourcery Sourcery G++ Lite 2007q3-53) 4.2.1"
 785 0020 00000000 	...
