ARM GAS  ./Generated_Source/PSoC5/CyBootAsmGnu.s 			page 1


   1              	/******************************************************************************
   2              	* File Name: CyBootAsmGnu.s
   3              	* Version 1.40
   4              	*
   5              	*  Description:
   6              	*   Assembly routines for GNU as.
   7              	*
   8              	*  Note: 
   9              	*
  10              	********************************************************************************
  11              	* Copyright 2010, Cypress Semiconductor Corporation.  All rights reserved.
  12              	* You may use this file only in accordance with the license, terms, conditions, 
  13              	* disclaimers, and limitations in the end user license agreement accompanying 
  14              	* the software package with which this file was provided.
  15              	********************************************************************************/
  16              	
  17              	.syntax unified
  18              	.text
  19              	.thumb
  20              	.global CyDelayCycles
  21              	
  22              	.align 8
  23              	.func CyDelayCycles, CyDelayCycles
  24              	.type CyDelayCycles, %function
  25              	.thumb_func
  26              	CyDelayCycles:              /* cycles bytes */
  27 0000 0230     		ADDS r0, r0, #2         /*	1	2	Round to nearest multiple of 4 */
  28 0002 8008     		LSRS r0, r0, #2         /*	1	2	Divide by 4 and set flags */
  29 0004 03D0     		BEQ CyDelayCycles_done  /*	2	2	Skip if 0 */
  30 0006 00BF     		NOP                     /*	1	2	Loop alignment padding */
  31              	CyDelayCycles_loop:
  32 0008 0138     		SUBS r0, r0, #1         /*	1	2 */
  33 000a 0046     		MOV r0, r0              /*	1	2	Pad loop to power of two cycles */
  34 000c FCD1     		BNE CyDelayCycles_loop  /*	2	2 */
  35              	CyDelayCycles_done:
  36 000e 7047     		BX lr                   /*	3	2 */
  37              	.endfunc
  38              	
  39 0010 C046C046 	.end
  39      C046C046 
  39      C046C046 
  39      C046C046 
  39      00000000 
