ARM GAS  C:\Users\blinky\AppData\Local\Temp/ccgnaaaa.s 			page 1


   1              		.syntax unified
   2              		.cpu cortex-m3
   3              		.fpu softvfp
   4              		.eabi_attribute 20, 1
   5              		.eabi_attribute 21, 1
   6              		.eabi_attribute 23, 3
   7              		.eabi_attribute 24, 1
   8              		.eabi_attribute 25, 1
   9              		.eabi_attribute 26, 1
  10              		.eabi_attribute 30, 6
  11              		.eabi_attribute 18, 4
  12              		.thumb
  13              		.file	"UART_1_INT.c"
  14              		.section	.debug_abbrev,"",%progbits
  15              	.Ldebug_abbrev0:
  16              		.section	.debug_info,"",%progbits
  17              	.Ldebug_info0:
  18              		.section	.debug_line,"",%progbits
  19              	.Ldebug_line0:
  20 0000 19000000 		.text
  20      02001300 
  20      00000201 
  20      FB0E0D00 
  20      01010101 
  21              	.Ltext0:
  22              	.Letext0:
  23              		.section	.debug_info
  24 0000 ED000000 		.4byte	0xed
  25 0004 0200     		.2byte	0x2
  26 0006 00000000 		.4byte	.Ldebug_abbrev0
  27 000a 04       		.byte	0x4
  28 000b 01       		.uleb128 0x1
  29 000c 474E5520 		.ascii	"GNU C 4.2.1\000"
  29      4320342E 
  29      322E3100 
  30 0018 01       		.byte	0x1
  31 0019 2E2F4765 		.ascii	"./Generated_Source/PSoC5/UART_1_INT.c\000"
  31      6E657261 
  31      7465645F 
  31      536F7572 
  31      63652F50 
  32 003f 433A5C55 		.ascii	"C:\\Users\\blinky\\Documents\\PSoC Creator\\CarStai"
  32      73657273 
  32      5C626C69 
  32      6E6B795C 
  32      446F6375 
  33 006d 726F5C43 		.ascii	"ro\\CarStairo.cydsn\000"
  33      61725374 
  33      6169726F 
  33      2E637964 
  33      736E00
  34 0080 00000000 		.4byte	.Ltext0
  35 0084 00000000 		.4byte	.Letext0
  36 0088 00000000 		.4byte	.Ldebug_line0
  37 008c 02       		.uleb128 0x2
  38 008d 01       		.byte	0x1
  39 008e 08       		.byte	0x8
ARM GAS  C:\Users\blinky\AppData\Local\Temp/ccgnaaaa.s 			page 2


  40 008f 756E7369 		.ascii	"unsigned char\000"
  40      676E6564 
  40      20636861 
  40      7200
  41 009d 02       		.uleb128 0x2
  42 009e 02       		.byte	0x2
  43 009f 07       		.byte	0x7
  44 00a0 73686F72 		.ascii	"short unsigned int\000"
  44      7420756E 
  44      7369676E 
  44      65642069 
  44      6E7400
  45 00b3 02       		.uleb128 0x2
  46 00b4 04       		.byte	0x4
  47 00b5 07       		.byte	0x7
  48 00b6 6C6F6E67 		.ascii	"long unsigned int\000"
  48      20756E73 
  48      69676E65 
  48      6420696E 
  48      7400
  49 00c8 02       		.uleb128 0x2
  50 00c9 01       		.byte	0x1
  51 00ca 06       		.byte	0x6
  52 00cb 7369676E 		.ascii	"signed char\000"
  52      65642063 
  52      68617200 
  53 00d7 02       		.uleb128 0x2
  54 00d8 02       		.byte	0x2
  55 00d9 05       		.byte	0x5
  56 00da 73686F72 		.ascii	"short int\000"
  56      7420696E 
  56      7400
  57 00e4 02       		.uleb128 0x2
  58 00e5 04       		.byte	0x4
  59 00e6 05       		.byte	0x5
  60 00e7 6C6F6E67 		.ascii	"long int\000"
  60      20696E74 
  60      00
  61 00f0 00       		.byte	0x0
  62              		.section	.debug_abbrev
  63 0000 01       		.uleb128 0x1
  64 0001 11       		.uleb128 0x11
  65 0002 01       		.byte	0x1
  66 0003 25       		.uleb128 0x25
  67 0004 08       		.uleb128 0x8
  68 0005 13       		.uleb128 0x13
  69 0006 0B       		.uleb128 0xb
  70 0007 03       		.uleb128 0x3
  71 0008 08       		.uleb128 0x8
  72 0009 1B       		.uleb128 0x1b
  73 000a 08       		.uleb128 0x8
  74 000b 11       		.uleb128 0x11
  75 000c 01       		.uleb128 0x1
  76 000d 12       		.uleb128 0x12
  77 000e 01       		.uleb128 0x1
  78 000f 10       		.uleb128 0x10
  79 0010 06       		.uleb128 0x6
ARM GAS  C:\Users\blinky\AppData\Local\Temp/ccgnaaaa.s 			page 3


  80 0011 00       		.byte	0x0
  81 0012 00       		.byte	0x0
  82 0013 02       		.uleb128 0x2
  83 0014 24       		.uleb128 0x24
  84 0015 00       		.byte	0x0
  85 0016 0B       		.uleb128 0xb
  86 0017 0B       		.uleb128 0xb
  87 0018 3E       		.uleb128 0x3e
  88 0019 0B       		.uleb128 0xb
  89 001a 03       		.uleb128 0x3
  90 001b 08       		.uleb128 0x8
  91 001c 00       		.byte	0x0
  92 001d 00       		.byte	0x0
  93 001e 00       		.byte	0x0
  94              		.ident	"GCC: (CodeSourcery Sourcery G++ Lite 2007q3-53) 4.2.1"
